<?xml version="1.0" encoding="UTF-8"?>
<testsuite xmlns:xsi="http://www.w3.org/2001/XMLSchema-instance" xsi:noNamespaceSchemaLocation="https://maven.apache.org/surefire/maven-surefire-plugin/xsd/surefire-test-report.xsd" name="com.cgi.laps.demo.SpringBootPaymentsAppTests" time="27.272" tests="2" errors="0" skipped="0" failures="0">
  <properties>
    <property name="sun.desktop" value="windows"/>
    <property name="awt.toolkit" value="sun.awt.windows.WToolkit"/>
    <property name="file.encoding.pkg" value="sun.io"/>
    <property name="java.specification.version" value="1.8"/>
    <property name="sun.cpu.isalist" value="amd64"/>
    <property name="sun.jnu.encoding" value="Cp1252"/>
    <property name="java.class.path" value="C:\all-laps-project\payments-app\target\test-classes;C:\all-laps-project\payments-app\target\classes;C:\D\ARP\repositoryALL\org\springframework\boot\spring-boot-starter\2.1.5.RELEASE\spring-boot-starter-2.1.5.RELEASE.jar;C:\D\ARP\repositoryALL\org\springframework\boot\spring-boot\2.1.5.RELEASE\spring-boot-2.1.5.RELEASE.jar;C:\D\ARP\repositoryALL\org\springframework\spring-context\5.1.7.RELEASE\spring-context-5.1.7.RELEASE.jar;C:\D\ARP\repositoryALL\org\springframework\boot\spring-boot-autoconfigure\2.1.5.RELEASE\spring-boot-autoconfigure-2.1.5.RELEASE.jar;C:\D\ARP\repositoryALL\org\springframework\boot\spring-boot-starter-logging\2.1.5.RELEASE\spring-boot-starter-logging-2.1.5.RELEASE.jar;C:\D\ARP\repositoryALL\ch\qos\logback\logback-classic\1.2.3\logback-classic-1.2.3.jar;C:\D\ARP\repositoryALL\ch\qos\logback\logback-core\1.2.3\logback-core-1.2.3.jar;C:\D\ARP\repositoryALL\org\apache\logging\log4j\log4j-to-slf4j\2.11.2\log4j-to-slf4j-2.11.2.jar;C:\D\ARP\repositoryALL\org\apache\logging\log4j\log4j-api\2.11.2\log4j-api-2.11.2.jar;C:\D\ARP\repositoryALL\org\slf4j\jul-to-slf4j\1.7.26\jul-to-slf4j-1.7.26.jar;C:\D\ARP\repositoryALL\javax\annotation\javax.annotation-api\1.3.2\javax.annotation-api-1.3.2.jar;C:\D\ARP\repositoryALL\org\springframework\spring-core\5.1.7.RELEASE\spring-core-5.1.7.RELEASE.jar;C:\D\ARP\repositoryALL\org\springframework\spring-jcl\5.1.7.RELEASE\spring-jcl-5.1.7.RELEASE.jar;C:\D\ARP\repositoryALL\org\yaml\snakeyaml\1.23\snakeyaml-1.23.jar;C:\D\ARP\repositoryALL\org\springframework\boot\spring-boot-starter-web\2.1.5.RELEASE\spring-boot-starter-web-2.1.5.RELEASE.jar;C:\D\ARP\repositoryALL\org\springframework\boot\spring-boot-starter-json\2.1.5.RELEASE\spring-boot-starter-json-2.1.5.RELEASE.jar;C:\D\ARP\repositoryALL\com\fasterxml\jackson\core\jackson-databind\2.9.8\jackson-databind-2.9.8.jar;C:\D\ARP\repositoryALL\com\fasterxml\jackson\core\jackson-annotations\2.9.0\jackson-annotations-2.9.0.jar;C:\D\ARP\repositoryALL\com\fasterxml\jackson\core\jackson-core\2.9.8\jackson-core-2.9.8.jar;C:\D\ARP\repositoryALL\com\fasterxml\jackson\datatype\jackson-datatype-jdk8\2.9.8\jackson-datatype-jdk8-2.9.8.jar;C:\D\ARP\repositoryALL\com\fasterxml\jackson\datatype\jackson-datatype-jsr310\2.9.8\jackson-datatype-jsr310-2.9.8.jar;C:\D\ARP\repositoryALL\com\fasterxml\jackson\module\jackson-module-parameter-names\2.9.8\jackson-module-parameter-names-2.9.8.jar;C:\D\ARP\repositoryALL\org\springframework\boot\spring-boot-starter-tomcat\2.1.5.RELEASE\spring-boot-starter-tomcat-2.1.5.RELEASE.jar;C:\D\ARP\repositoryALL\org\apache\tomcat\embed\tomcat-embed-core\9.0.19\tomcat-embed-core-9.0.19.jar;C:\D\ARP\repositoryALL\org\apache\tomcat\embed\tomcat-embed-el\9.0.19\tomcat-embed-el-9.0.19.jar;C:\D\ARP\repositoryALL\org\apache\tomcat\embed\tomcat-embed-websocket\9.0.19\tomcat-embed-websocket-9.0.19.jar;C:\D\ARP\repositoryALL\org\hibernate\validator\hibernate-validator\6.0.16.Final\hibernate-validator-6.0.16.Final.jar;C:\D\ARP\repositoryALL\javax\validation\validation-api\2.0.1.Final\validation-api-2.0.1.Final.jar;C:\D\ARP\repositoryALL\org\jboss\logging\jboss-logging\3.3.2.Final\jboss-logging-3.3.2.Final.jar;C:\D\ARP\repositoryALL\com\fasterxml\classmate\1.4.0\classmate-1.4.0.jar;C:\D\ARP\repositoryALL\org\springframework\spring-web\5.1.7.RELEASE\spring-web-5.1.7.RELEASE.jar;C:\D\ARP\repositoryALL\org\springframework\spring-beans\5.1.7.RELEASE\spring-beans-5.1.7.RELEASE.jar;C:\D\ARP\repositoryALL\org\springframework\spring-webmvc\5.1.7.RELEASE\spring-webmvc-5.1.7.RELEASE.jar;C:\D\ARP\repositoryALL\org\springframework\spring-aop\5.1.7.RELEASE\spring-aop-5.1.7.RELEASE.jar;C:\D\ARP\repositoryALL\org\springframework\spring-expression\5.1.7.RELEASE\spring-expression-5.1.7.RELEASE.jar;C:\D\ARP\repositoryALL\org\springframework\boot\spring-boot-starter-test\2.1.5.RELEASE\spring-boot-starter-test-2.1.5.RELEASE.jar;C:\D\ARP\repositoryALL\org\springframework\boot\spring-boot-test\2.1.5.RELEASE\spring-boot-test-2.1.5.RELEASE.jar;C:\D\ARP\repositoryALL\org\springframework\boot\spring-boot-test-autoconfigure\2.1.5.RELEASE\spring-boot-test-autoconfigure-2.1.5.RELEASE.jar;C:\D\ARP\repositoryALL\com\jayway\jsonpath\json-path\2.4.0\json-path-2.4.0.jar;C:\D\ARP\repositoryALL\net\minidev\json-smart\2.3\json-smart-2.3.jar;C:\D\ARP\repositoryALL\net\minidev\accessors-smart\1.2\accessors-smart-1.2.jar;C:\D\ARP\repositoryALL\org\ow2\asm\asm\5.0.4\asm-5.0.4.jar;C:\D\ARP\repositoryALL\org\slf4j\slf4j-api\1.7.26\slf4j-api-1.7.26.jar;C:\D\ARP\repositoryALL\junit\junit\4.12\junit-4.12.jar;C:\D\ARP\repositoryALL\org\assertj\assertj-core\3.11.1\assertj-core-3.11.1.jar;C:\D\ARP\repositoryALL\org\mockito\mockito-core\2.23.4\mockito-core-2.23.4.jar;C:\D\ARP\repositoryALL\net\bytebuddy\byte-buddy\1.9.12\byte-buddy-1.9.12.jar;C:\D\ARP\repositoryALL\net\bytebuddy\byte-buddy-agent\1.9.12\byte-buddy-agent-1.9.12.jar;C:\D\ARP\repositoryALL\org\objenesis\objenesis\2.6\objenesis-2.6.jar;C:\D\ARP\repositoryALL\org\hamcrest\hamcrest-core\1.3\hamcrest-core-1.3.jar;C:\D\ARP\repositoryALL\org\hamcrest\hamcrest-library\1.3\hamcrest-library-1.3.jar;C:\D\ARP\repositoryALL\org\skyscreamer\jsonassert\1.5.0\jsonassert-1.5.0.jar;C:\D\ARP\repositoryALL\com\vaadin\external\google\android-json\0.0.20131108.vaadin1\android-json-0.0.20131108.vaadin1.jar;C:\D\ARP\repositoryALL\org\springframework\spring-test\5.1.7.RELEASE\spring-test-5.1.7.RELEASE.jar;C:\D\ARP\repositoryALL\org\xmlunit\xmlunit-core\2.6.2\xmlunit-core-2.6.2.jar;C:\D\ARP\repositoryALL\org\springframework\boot\spring-boot-devtools\2.1.5.RELEASE\spring-boot-devtools-2.1.5.RELEASE.jar;"/>
    <property name="java.vm.vendor" value="Oracle Corporation"/>
    <property name="sun.arch.data.model" value="64"/>
    <property name="user.variant" value=""/>
    <property name="java.vendor.url" value="http://java.oracle.com/"/>
    <property name="user.timezone" value="Asia/Calcutta"/>
    <property name="java.vm.specification.version" value="1.8"/>
    <property name="os.name" value="Windows 10"/>
    <property name="user.country" value="US"/>
    <property name="sun.java.launcher" value="SUN_STANDARD"/>
    <property name="sun.boot.library.path" value="C:\Program Files\Java\jdk8u192-b12\jre\bin"/>
    <property name="sun.java.command" value="C:\Users\BALEKU~1\AppData\Local\Temp\surefire2577081495378176725\surefirebooter366644844601473055.jar C:\Users\balekundrim\AppData\Local\Temp\surefire2577081495378176725 2020-09-16T22-12-01_205-jvmRun1 surefire7428900593574014069tmp surefire_05680492424931511003tmp"/>
    <property name="surefire.test.class.path" value="C:\all-laps-project\payments-app\target\test-classes;C:\all-laps-project\payments-app\target\classes;C:\D\ARP\repositoryALL\org\springframework\boot\spring-boot-starter\2.1.5.RELEASE\spring-boot-starter-2.1.5.RELEASE.jar;C:\D\ARP\repositoryALL\org\springframework\boot\spring-boot\2.1.5.RELEASE\spring-boot-2.1.5.RELEASE.jar;C:\D\ARP\repositoryALL\org\springframework\spring-context\5.1.7.RELEASE\spring-context-5.1.7.RELEASE.jar;C:\D\ARP\repositoryALL\org\springframework\boot\spring-boot-autoconfigure\2.1.5.RELEASE\spring-boot-autoconfigure-2.1.5.RELEASE.jar;C:\D\ARP\repositoryALL\org\springframework\boot\spring-boot-starter-logging\2.1.5.RELEASE\spring-boot-starter-logging-2.1.5.RELEASE.jar;C:\D\ARP\repositoryALL\ch\qos\logback\logback-classic\1.2.3\logback-classic-1.2.3.jar;C:\D\ARP\repositoryALL\ch\qos\logback\logback-core\1.2.3\logback-core-1.2.3.jar;C:\D\ARP\repositoryALL\org\apache\logging\log4j\log4j-to-slf4j\2.11.2\log4j-to-slf4j-2.11.2.jar;C:\D\ARP\repositoryALL\org\apache\logging\log4j\log4j-api\2.11.2\log4j-api-2.11.2.jar;C:\D\ARP\repositoryALL\org\slf4j\jul-to-slf4j\1.7.26\jul-to-slf4j-1.7.26.jar;C:\D\ARP\repositoryALL\javax\annotation\javax.annotation-api\1.3.2\javax.annotation-api-1.3.2.jar;C:\D\ARP\repositoryALL\org\springframework\spring-core\5.1.7.RELEASE\spring-core-5.1.7.RELEASE.jar;C:\D\ARP\repositoryALL\org\springframework\spring-jcl\5.1.7.RELEASE\spring-jcl-5.1.7.RELEASE.jar;C:\D\ARP\repositoryALL\org\yaml\snakeyaml\1.23\snakeyaml-1.23.jar;C:\D\ARP\repositoryALL\org\springframework\boot\spring-boot-starter-web\2.1.5.RELEASE\spring-boot-starter-web-2.1.5.RELEASE.jar;C:\D\ARP\repositoryALL\org\springframework\boot\spring-boot-starter-json\2.1.5.RELEASE\spring-boot-starter-json-2.1.5.RELEASE.jar;C:\D\ARP\repositoryALL\com\fasterxml\jackson\core\jackson-databind\2.9.8\jackson-databind-2.9.8.jar;C:\D\ARP\repositoryALL\com\fasterxml\jackson\core\jackson-annotations\2.9.0\jackson-annotations-2.9.0.jar;C:\D\ARP\repositoryALL\com\fasterxml\jackson\core\jackson-core\2.9.8\jackson-core-2.9.8.jar;C:\D\ARP\repositoryALL\com\fasterxml\jackson\datatype\jackson-datatype-jdk8\2.9.8\jackson-datatype-jdk8-2.9.8.jar;C:\D\ARP\repositoryALL\com\fasterxml\jackson\datatype\jackson-datatype-jsr310\2.9.8\jackson-datatype-jsr310-2.9.8.jar;C:\D\ARP\repositoryALL\com\fasterxml\jackson\module\jackson-module-parameter-names\2.9.8\jackson-module-parameter-names-2.9.8.jar;C:\D\ARP\repositoryALL\org\springframework\boot\spring-boot-starter-tomcat\2.1.5.RELEASE\spring-boot-starter-tomcat-2.1.5.RELEASE.jar;C:\D\ARP\repositoryALL\org\apache\tomcat\embed\tomcat-embed-core\9.0.19\tomcat-embed-core-9.0.19.jar;C:\D\ARP\repositoryALL\org\apache\tomcat\embed\tomcat-embed-el\9.0.19\tomcat-embed-el-9.0.19.jar;C:\D\ARP\repositoryALL\org\apache\tomcat\embed\tomcat-embed-websocket\9.0.19\tomcat-embed-websocket-9.0.19.jar;C:\D\ARP\repositoryALL\org\hibernate\validator\hibernate-validator\6.0.16.Final\hibernate-validator-6.0.16.Final.jar;C:\D\ARP\repositoryALL\javax\validation\validation-api\2.0.1.Final\validation-api-2.0.1.Final.jar;C:\D\ARP\repositoryALL\org\jboss\logging\jboss-logging\3.3.2.Final\jboss-logging-3.3.2.Final.jar;C:\D\ARP\repositoryALL\com\fasterxml\classmate\1.4.0\classmate-1.4.0.jar;C:\D\ARP\repositoryALL\org\springframework\spring-web\5.1.7.RELEASE\spring-web-5.1.7.RELEASE.jar;C:\D\ARP\repositoryALL\org\springframework\spring-beans\5.1.7.RELEASE\spring-beans-5.1.7.RELEASE.jar;C:\D\ARP\repositoryALL\org\springframework\spring-webmvc\5.1.7.RELEASE\spring-webmvc-5.1.7.RELEASE.jar;C:\D\ARP\repositoryALL\org\springframework\spring-aop\5.1.7.RELEASE\spring-aop-5.1.7.RELEASE.jar;C:\D\ARP\repositoryALL\org\springframework\spring-expression\5.1.7.RELEASE\spring-expression-5.1.7.RELEASE.jar;C:\D\ARP\repositoryALL\org\springframework\boot\spring-boot-starter-test\2.1.5.RELEASE\spring-boot-starter-test-2.1.5.RELEASE.jar;C:\D\ARP\repositoryALL\org\springframework\boot\spring-boot-test\2.1.5.RELEASE\spring-boot-test-2.1.5.RELEASE.jar;C:\D\ARP\repositoryALL\org\springframework\boot\spring-boot-test-autoconfigure\2.1.5.RELEASE\spring-boot-test-autoconfigure-2.1.5.RELEASE.jar;C:\D\ARP\repositoryALL\com\jayway\jsonpath\json-path\2.4.0\json-path-2.4.0.jar;C:\D\ARP\repositoryALL\net\minidev\json-smart\2.3\json-smart-2.3.jar;C:\D\ARP\repositoryALL\net\minidev\accessors-smart\1.2\accessors-smart-1.2.jar;C:\D\ARP\repositoryALL\org\ow2\asm\asm\5.0.4\asm-5.0.4.jar;C:\D\ARP\repositoryALL\org\slf4j\slf4j-api\1.7.26\slf4j-api-1.7.26.jar;C:\D\ARP\repositoryALL\junit\junit\4.12\junit-4.12.jar;C:\D\ARP\repositoryALL\org\assertj\assertj-core\3.11.1\assertj-core-3.11.1.jar;C:\D\ARP\repositoryALL\org\mockito\mockito-core\2.23.4\mockito-core-2.23.4.jar;C:\D\ARP\repositoryALL\net\bytebuddy\byte-buddy\1.9.12\byte-buddy-1.9.12.jar;C:\D\ARP\repositoryALL\net\bytebuddy\byte-buddy-agent\1.9.12\byte-buddy-agent-1.9.12.jar;C:\D\ARP\repositoryALL\org\objenesis\objenesis\2.6\objenesis-2.6.jar;C:\D\ARP\repositoryALL\org\hamcrest\hamcrest-core\1.3\hamcrest-core-1.3.jar;C:\D\ARP\repositoryALL\org\hamcrest\hamcrest-library\1.3\hamcrest-library-1.3.jar;C:\D\ARP\repositoryALL\org\skyscreamer\jsonassert\1.5.0\jsonassert-1.5.0.jar;C:\D\ARP\repositoryALL\com\vaadin\external\google\android-json\0.0.20131108.vaadin1\android-json-0.0.20131108.vaadin1.jar;C:\D\ARP\repositoryALL\org\springframework\spring-test\5.1.7.RELEASE\spring-test-5.1.7.RELEASE.jar;C:\D\ARP\repositoryALL\org\xmlunit\xmlunit-core\2.6.2\xmlunit-core-2.6.2.jar;C:\D\ARP\repositoryALL\org\springframework\boot\spring-boot-devtools\2.1.5.RELEASE\spring-boot-devtools-2.1.5.RELEASE.jar;"/>
    <property name="sun.cpu.endian" value="little"/>
    <property name="user.home" value="C:\Users\balekundrim"/>
    <property name="user.language" value="en"/>
    <property name="java.specification.vendor" value="Oracle Corporation"/>
    <property name="java.home" value="C:\Program Files\Java\jdk8u192-b12\jre"/>
    <property name="basedir" value="C:\all-laps-project\payments-app"/>
    <property name="file.separator" value="\"/>
    <property name="line.separator" value="&#10;"/>
    <property name="java.vm.specification.vendor" value="Oracle Corporation"/>
    <property name="java.specification.name" value="Java Platform API Specification"/>
    <property name="java.awt.graphicsenv" value="sun.awt.Win32GraphicsEnvironment"/>
    <property name="surefire.real.class.path" value="C:\Users\BALEKU~1\AppData\Local\Temp\surefire2577081495378176725\surefirebooter366644844601473055.jar"/>
    <property name="sun.boot.class.path" value="C:\Program Files\Java\jdk8u192-b12\jre\lib\resources.jar;C:\Program Files\Java\jdk8u192-b12\jre\lib\rt.jar;C:\Program Files\Java\jdk8u192-b12\jre\lib\sunrsasign.jar;C:\Program Files\Java\jdk8u192-b12\jre\lib\jsse.jar;C:\Program Files\Java\jdk8u192-b12\jre\lib\jce.jar;C:\Program Files\Java\jdk8u192-b12\jre\lib\charsets.jar;C:\Program Files\Java\jdk8u192-b12\jre\lib\jfr.jar;C:\Program Files\Java\jdk8u192-b12\jre\classes"/>
    <property name="user.script" value=""/>
    <property name="sun.management.compiler" value="HotSpot 64-Bit Tiered Compilers"/>
    <property name="java.runtime.version" value="1.8.0_192-b12"/>
    <property name="user.name" value="balekundrim"/>
    <property name="path.separator" value=";"/>
    <property name="os.version" value="10.0"/>
    <property name="java.endorsed.dirs" value="C:\Program Files\Java\jdk8u192-b12\jre\lib\endorsed"/>
    <property name="java.runtime.name" value="OpenJDK Runtime Environment"/>
    <property name="file.encoding" value="Cp1252"/>
    <property name="java.vm.name" value="OpenJDK 64-Bit Server VM"/>
    <property name="localRepository" value="C:\D\ARP\repositoryALL"/>
    <property name="java.vendor.url.bug" value="http://bugreport.sun.com/bugreport/"/>
    <property name="java.io.tmpdir" value="C:\Users\BALEKU~1\AppData\Local\Temp\"/>
    <property name="java.version" value="1.8.0_192"/>
    <property name="user.dir" value="C:\all-laps-project\payments-app"/>
    <property name="os.arch" value="amd64"/>
    <property name="java.vm.specification.name" value="Java Virtual Machine Specification"/>
    <property name="java.awt.printerjob" value="sun.awt.windows.WPrinterJob"/>
    <property name="sun.os.patch.level" value=""/>
    <property name="java.library.path" value="C:\Program Files\Java\jdk8u192-b12\jre\bin;C:\WINDOWS\Sun\Java\bin;C:\WINDOWS\system32;C:\WINDOWS;C:\Program Files (x86)\Common Files\Oracle\Java\javapath;C:\ProgramData\DockerDesktop\version-bin;C:\Program Files\Docker\Docker\Resources\bin;C:\WINDOWS\system32;C:\WINDOWS;C:\WINDOWS\System32\Wbem;C:\WINDOWS\System32\WindowsPowerShell\v1.0\;C:\Program Files (x86)\WebEx\Productivity Tools;C:\Program Files\Git\cmd;C:\Program Files\TortoiseSVN\bin;C:\ARP\Installations\apache-maven-3.6.1\bin;C:\Program Files\Java\jdk8u192-b12\bin;C:\SoftwaresInstalled\nodejs\;C:\Users\balekundrim\AppData\Local\Programs\Python\Python37-32;C:\Users\balekundrim\AppData\Local\Programs\Python\Python37-32\Lib\site-packages;C:\Users\balekundrim\AppData\Local\Programs\Python\Python37-32\Scripts;C:\Program Files\Git\bin;C:\Users\balekundrim\AppData\Roaming\npm;C:\Program Files\TortoiseGit\bin;C:\WINDOWS\system32;C:\WINDOWS;C:\WINDOWS\System32\Wbem;C:\WINDOWS\System32\WindowsPowerShell\v1.0\;C:\WINDOWS\System32\OpenSSH\;C:\Program Files\Intel\WiFi\bin\;C:\Program Files\Common Files\Intel\WirelessCommon\;C:\Program Files (x86)\Intel\Intel(R) Management Engine Components\DAL;C:\Program Files\Intel\Intel(R) Management Engine Components\DAL;C:\ProgramData\DockerDesktop\version-bin;C:\Program Files\Docker\Docker\Resources\bin;C:\Program Files (x86)\Common Files\Oracle\Java\javapath;C:\WINDOWS\system32;C:\WINDOWS;C:\WINDOWS\System32\Wbem;C:\WINDOWS\System32\WindowsPowerShell\v1.0\;C:\Program Files (x86)\WebEx\Productivity Tools;C:\Program Files\Git\cmd;C:\Program Files\TortoiseSVN\bin;C:\ARP\Installations\apache-maven-3.2.5\bin;C:\Program Files\Java\jdk8u192-b12\bin;C:\Users\balekundrim\AppData\Local\Microsoft\WindowsApps;;C:\ARP\Installations\PycharmProjects\FirstProject\venv\Scripts\python.exe;C:\Users\balekundrim\AppData\Roaming\npm;C:\SoftwaresInstalled\Microsoft VS Code\bin;C:\Users\balekundrim\AppData\Local\Microsoft\WindowsApps;."/>
    <property name="java.vm.info" value="mixed mode"/>
    <property name="java.vendor" value="Oracle Corporation"/>
    <property name="java.vm.version" value="25.192-b12"/>
    <property name="java.ext.dirs" value="C:\Program Files\Java\jdk8u192-b12\jre\lib\ext;C:\WINDOWS\Sun\Java\lib\ext"/>
    <property name="sun.io.unicode.encoding" value="UnicodeLittle"/>
    <property name="java.class.version" value="52.0"/>
  </properties>
  <testcase name="testGetCustomerAccountsListSuccess" classname="com.cgi.laps.demo.SpringBootPaymentsAppTests" time="0.235"/>
  <testcase name="testGetCustomerAccountSuccess" classname="com.cgi.laps.demo.SpringBootPaymentsAppTests" time="0.133"/>
</testsuite>